#
# A fatal error has been detected by the Java Runtime Environment:
#
#  EXCEPTION_ACCESS_VIOLATION (0xc0000005) at pc=0x00007ff98e85d69a, pid=18604, tid=24828
#
# JRE version: OpenJDK Runtime Environment Temurin-17.0.2+8 (17.0.2+8) (build 17.0.2+8)
# Java VM: OpenJDK 64-Bit Server VM Temurin-17.0.2+8 (17.0.2+8, mixed mode, tiered, compressed oops, compressed class ptrs, g1 gc, windows-amd64)
# Problematic frame:
# V  [jvm.dll+0x79d69a]
#
# No core dump will be written. Minidumps are not enabled by default on client versions of Windows
#
# If you would like to submit a bug report, please visit:
#   https://github.com/adoptium/adoptium-support/issues
#

---------------  S U M M A R Y ------------

Command Line: -XX:+ShowCodeDetailsInExceptionMessages -agentlib:jdwp=transport=dt_socket,suspend=y,address=localhost:63301 -javaagent:C:\Users\LINCY SALAMON\eclipse\java-2022-03\eclipse\configuration\org.eclipse.osgi\539\0\.cp\lib\javaagent-shaded.jar -Dfile.encoding=Cp1252 com.SathisKumarSan.HuffmanEncoder

Host: AMD Ryzen 7 4700U with Radeon Graphics         , 8 cores, 7G,  Windows 11 , 64 bit Build 22000 (10.0.22000.708)
Time: Mon Jun 27 12:14:07 2022 India Standard Time elapsed time: 3967.781536 seconds (0d 1h 6m 7s)

---------------  T H R E A D  ---------------

Current thread (0x0000020fe2660f40):  JavaThread "JDWP Transport Listener: dt_socket" daemon [_thread_in_vm, id=24828, stack(0x000000804d600000,0x000000804d700000)]

Stack: [0x000000804d600000,0x000000804d700000],  sp=0x000000804d6ff4c0,  free space=1021k
Native frames: (J=compiled Java code, j=interpreted, Vv=VM code, C=native code)
V  [jvm.dll+0x79d69a]
V  [jvm.dll+0x50842c]
V  [jvm.dll+0x4cfa94]
C  [jdwp.dll+0x22dff]


siginfo: EXCEPTION_ACCESS_VIOLATION (0xc0000005), reading address 0x000000000069006c


Register to memory mapping:

RIP=0x00007ff98e85d69a jvm.dll
RAX=0x0000000000000067 is an unknown value
RBX=0x0000020fe240e014 points into unknown readable memory: 74 2f 47 65
RCX=0x0000000000690068 is an unknown value
RDX=0x0000020fe2e3b510 points into unknown readable memory: 0x7461532f6d6f634c | 4c 63 6f 6d 2f 53 61 74
RSP=0x000000804d6ff4c0 is pointing into the stack for thread: 0x0000020fe2660f40
RBP=0x0000020fe26666c0 points into unknown readable memory: 0x0000000000000002 | 02 00 00 00 00 00 00 00
RSI=0x0 is NULL
RDI=0xffffffffffffffff is an unknown value
R8 =0x00000000000000ff is an unknown value
R9 =0x0000000000000040 is an unknown value
R10=0x00000000000000c0 is an unknown value
R11=0x000000804d6ff4e0 is pointing into the stack for thread: 0x0000020fe2660f40
R12=0x000000804d6ff618 is pointing into the stack for thread: 0x0000020fe2660f40
R13=0x0 is NULL
R14=0x0000000100105088 is a pointer to class: 
com.SathisKumarSan.HuffmanEncoder {0x0000000100105090}
 - instance size:     2
 - klass size:        84
 - access:            public synchronized 
 - state:             fully_initialized
 - name:              'com/SathisKumarSan/HuffmanEncoder'
 - super:             'java/lang/Object'
 - sub:               
 - arrays:            NULL
 - methods:           Array<T>(0x0000020fe343e278)
 - method ordering:   Array<T>(0x0000020fe343e848)
 - default_methods:   Array<T>(0x0000020fe343aaf8)
 - default vtable indices:   Array<T>(0x0000020fe343ab38)
 - local interfaces:  Array<T>(0x0000020fe343a4f0)
 - trans. interfaces: Array<T>(0x0000020fe343a4f0)
 - constants:         constant pool [150] {0x0000020fe3441028} for 'com/SathisKumarSan/HuffmanEncoder' cache=0x0000020fe3441518
 - class loader data:  loader data: 0x0000020fe193e2c0 for instance a 'jdk/internal/loader/ClassLoaders$AppClassLoader'{0x0000000090962c80}
 - source file:       'HuffmanEncoder.java'
 - source debug extension:       SMAP
HuffmanEncoder.java
Java
*S jdt
*F
1 HuffmanEncoder.java
2 file:/C:/Users/LINCY%20SALAMON/eclipse-workspace/Study/bin/
*L
*E

 - class annotations:       Array<T>(0x0000000000000000)
 - class type annotations:  Array<T>(0x0000000000000000)
 - field annotations:       Array<T>(0x0000000000000000)
 - field type annotations:  Array<T>(0x0000000000000000)
 - previous version:  constant pool [145] {0x0000020fe3439fb8} for 'com/SathisKumarSan/HuffmanEncoder' (extra) cache=0x0000020fe343ab58
 - generic signature: '
[error occurred during error reporting (printing register info), id 0xc0000005, EXCEPTION_ACCESS_VIOLATION (0xc0000005) at pc=0x00007ff98e85e2a6]

Registers:
RAX=0x0000000000000067, RBX=0x0000020fe240e014, RCX=0x0000000000690068, RDX=0x0000020fe2e3b510
RSP=0x000000804d6ff4c0, RBP=0x0000020fe26666c0, RSI=0x0000000000000000, RDI=0xffffffffffffffff
R8 =0x00000000000000ff, R9 =0x0000000000000040, R10=0x00000000000000c0, R11=0x000000804d6ff4e0
R12=0x000000804d6ff618, R13=0x0000000000000000, R14=0x0000000100105088, R15=0x000000804d6ff640
RIP=0x00007ff98e85d69a, EFLAGS=0x0000000000010206

Top of Stack: (sp=0x000000804d6ff4c0)
0x000000804d6ff4c0:   0000000000000021 0000000100105088
0x000000804d6ff4d0:   0000020fe2e3b510 00007ffa115c79e1
0x000000804d6ff4e0:   ffffffffffffffff 00007ff98e5c842c
0x000000804d6ff4f0:   0000020fe240e014 0000020fe240dff0
0x000000804d6ff500:   0000020fe26666c0 00007ff98e5caf4d
0x000000804d6ff510:   0000020fe240dfb0 00000000000003d8
0x000000804d6ff520:   0000020fe240dfc0 0000020fe240e398
0x000000804d6ff530:   0000000000002801 000000804d6ff618
0x000000804d6ff540:   0000000000000007 0000020fe26611e8
0x000000804d6ff550:   00000000905f5f50 00007ff98e58fa94
0x000000804d6ff560:   0000020fe2660f40 000000804d6ff640
0x000000804d6ff570:   0000020fc5c79e00 000000804d6ff640
0x000000804d6ff580:   0000020fe2660f40 0000000000000000
0x000000804d6ff590:   0000000000000000 0000000000000000
0x000000804d6ff5a0:   0000020fe2634270 00007ff9ffe42dff
0x000000804d6ff5b0:   000000804d6ff638 00007ff9ffe51aa0 

Instructions: (pc=0x00007ff98e85d69a)
0x00007ff98e85d59a:   48 83 c4 20 5f e9 4c 8d 90 ff cc cc cc cc cc cc
0x00007ff98e85d5aa:   cc cc cc cc cc cc 48 89 5c 24 08 57 48 83 ec 20
0x00007ff98e85d5ba:   83 fa 02 8d 42 06 b9 08 00 00 00 49 8b d8 0f 4e
0x00007ff98e85d5ca:   c1 48 63 c8 48 83 c1 07 83 e1 f8 48 63 f9 49 8b
0x00007ff98e85d5da:   48 18 48 8b c7 48 f7 d0 48 3b c1 73 16 4c 8d 05
0x00007ff98e85d5ea:   da 4c 17 00 48 8b d7 48 8b cb e8 57 f0 90 ff 48
0x00007ff98e85d5fa:   8b 4b 18 48 8d 04 39 48 3b 43 20 76 18 45 33 c0
0x00007ff98e85d60a:   48 8b d7 48 8b cb 48 8b 5c 24 30 48 83 c4 20 5f
0x00007ff98e85d61a:   e9 b1 ec 90 ff 48 89 43 18 48 8b c1 48 8b 5c 24
0x00007ff98e85d62a:   30 48 83 c4 20 5f c3 cc cc cc cc cc cc cc cc cc
0x00007ff98e85d63a:   cc cc cc cc cc cc 4c 8b d2 4c 8b d9 45 85 c0 7e
0x00007ff98e85d64a:   3c 44 0f b7 49 04 41 8d 40 ff 41 3b c1 44 0f 4c
0x00007ff98e85d65a:   c8 4d 63 c1 45 85 c9 7e 1f 48 8b c2 4c 2b da 49
0x00007ff98e85d66a:   8b d0 0f 1f 40 00 41 0f b6 4c 03 06 88 08 48 8d
0x00007ff98e85d67a:   40 01 48 83 ea 01 75 ee 43 c6 04 10 00 49 8b c2
0x00007ff98e85d68a:   c3 cc cc cc cc cc 48 89 5c 24 08 57 48 83 ec 20
0x00007ff98e85d69a:   0f b7 59 04 48 8b f9 33 d2 48 8d 4b 01 e8 84 df
0x00007ff98e85d6aa:   f2 ff 0f b7 57 04 4c 8b c0 3b da 0f 42 d3 44 8b
0x00007ff98e85d6ba:   ca 85 d2 74 39 48 2b f8 0f 1f 40 00 66 66 0f 1f
0x00007ff98e85d6ca:   84 00 00 00 00 00 0f b6 4c 07 06 88 08 48 ff c0
0x00007ff98e85d6da:   48 8b c8 49 2b c8 49 3b c9 7c eb 42 c6 04 02 00
0x00007ff98e85d6ea:   49 8b c0 48 8b 5c 24 30 48 83 c4 20 5f c3 48 8b
0x00007ff98e85d6fa:   5c 24 30 c6 04 02 00 48 83 c4 20 5f c3 cc cc cc
0x00007ff98e85d70a:   cc cc cc cc cc cc 4c 8b d1 45 85 c0 7e 6c 44 0f
0x00007ff98e85d71a:   b7 49 04 41 8d 40 ff 41 3b c1 44 0f 4c c8 4d 63
0x00007ff98e85d72a:   d9 45 85 c9 7e 22 48 8b ca 4c 2b d2 4d 8b c3 0f
0x00007ff98e85d73a:   1f 80 00 00 00 00 41 0f b6 44 0a 06 88 01 48 8d
0x00007ff98e85d74a:   49 01 49 83 e8 01 75 ee 41 c6 04 13 00 48 c7 c0
0x00007ff98e85d75a:   ff ff ff ff 66 90 48 ff c0 80 3c 02 00 75 f7 48
0x00007ff98e85d76a:   63 c8 85 c0 48 8b c2 7e 14 80 38 2f 75 03 c6 00
0x00007ff98e85d77a:   2e 48 ff c0 48 83 e9 01 75 ef 48 8b c2 c3 cc cc
0x00007ff98e85d78a:   cc cc cc cc cc cc 48 83 ec 28 e8 f7 fe ff ff 4c 


Stack slot to memory mapping:
stack at sp + 0 slots: 0x0000000000000021 is an unknown value
stack at sp + 1 slots: 0x0000000100105088 is a pointer to class: 
com.SathisKumarSan.HuffmanEncoder {0x0000000100105090}
 - instance size:     2
 - klass size:        84
 - access:            public synchronized 
 - state:             fully_initialized
 - name:              'com/SathisKumarSan/HuffmanEncoder'
 - super:             'java/lang/Object'
 - sub:               
 - arrays:            NULL
 - methods:           Array<T>(0x0000020fe343e278)
 - method ordering:   Array<T>(0x0000020fe343e848)
 - default_methods:   Array<T>(0x0000020fe343aaf8)
 - default vtable indices:   Array<T>(0x0000020fe343ab38)
 - local interfaces:  Array<T>(0x0000020fe343a4f0)
 - trans. interfaces: Array<T>(0x0000020fe343a4f0)
 - constants:         constant pool [150] {0x0000020fe3441028} for 'com/SathisKumarSan/HuffmanEncoder' cache=0x0000020fe3441518
 - class loader data:  loader data: 0x0000020fe193e2c0 for instance a 'jdk/internal/loader/ClassLoaders$AppClassLoader'{0x0000000090962c80}
 - source file:       'HuffmanEncoder.java'
 - source debug extension:       SMAP
HuffmanEncoder.java
Java
*S jdt
*F
1 HuffmanEncoder.java
2 file:/C:/Users/LINCY%20SALAMON/eclipse-workspace/Study/bin/
*L
*E

 - class annotations:       Array<T>(0x0000000000000000)
 - class type annotations:  Array<T>(0x0000000000000000)
 - field annotations:       Array<T>(0x0000000000000000)
 - field type annotations:  Array<T>(0x0000000000000000)
 - previous version:  constant pool [145] {0x0000020fe3439fb8} for 'com/SathisKumarSan/HuffmanEncoder' (extra) cache=0x0000020fe343ab58
 - generic signature: '
[error occurred during error reporting (inspecting top of stack), id 0xc0000005, EXCEPTION_ACCESS_VIOLATION (0xc0000005) at pc=0x00007ff98e85e2a6]


---------------  P R O C E S S  ---------------

Threads class SMR info:
_java_thread_list=0x0000020fe2e3adf0, length=15, elements={
0x0000020fc7e15630, 0x0000020fe18c0570, 0x0000020fe18c11e0, 0x0000020fe192c7d0,
0x0000020fe1914840, 0x0000020fe2408070, 0x0000020fe2408930, 0x0000020fe2409520,
0x0000020fe240ca90, 0x0000020fe2426460, 0x0000020fe2536500, 0x0000020fe2660f40,
0x0000020fe26b5230, 0x0000020fe2737ce0, 0x0000020fe2c07070
}

Java Threads: ( => current thread )
  0x0000020fc7e15630 JavaThread "main" [_thread_blocked, id=19104, stack(0x000000804c500000,0x000000804c600000)]
  0x0000020fe18c0570 JavaThread "Reference Handler" daemon [_thread_blocked, id=18748, stack(0x000000804cc00000,0x000000804cd00000)]
  0x0000020fe18c11e0 JavaThread "Finalizer" daemon [_thread_blocked, id=18684, stack(0x000000804cd00000,0x000000804ce00000)]
  0x0000020fe192c7d0 JavaThread "Signal Dispatcher" daemon [_thread_blocked, id=20472, stack(0x000000804ce00000,0x000000804cf00000)]
  0x0000020fe1914840 JavaThread "Attach Listener" daemon [_thread_blocked, id=24476, stack(0x000000804cf00000,0x000000804d000000)]
  0x0000020fe2408070 JavaThread "Service Thread" daemon [_thread_blocked, id=24440, stack(0x000000804d000000,0x000000804d100000)]
  0x0000020fe2408930 JavaThread "Monitor Deflation Thread" daemon [_thread_blocked, id=15052, stack(0x000000804d100000,0x000000804d200000)]
  0x0000020fe2409520 JavaThread "C2 CompilerThread0" daemon [_thread_blocked, id=26272, stack(0x000000804d200000,0x000000804d300000)]
  0x0000020fe240ca90 JavaThread "C1 CompilerThread0" daemon [_thread_blocked, id=4636, stack(0x000000804d300000,0x000000804d400000)]
  0x0000020fe2426460 JavaThread "Sweeper thread" daemon [_thread_blocked, id=22060, stack(0x000000804d400000,0x000000804d500000)]
  0x0000020fe2536500 JavaThread "Common-Cleaner" daemon [_thread_blocked, id=10028, stack(0x000000804d500000,0x000000804d600000)]
=>0x0000020fe2660f40 JavaThread "JDWP Transport Listener: dt_socket" daemon [_thread_in_vm, id=24828, stack(0x000000804d600000,0x000000804d700000)]
  0x0000020fe26b5230 JavaThread "JDWP Event Helper Thread" daemon [_thread_blocked, id=5784, stack(0x000000804d700000,0x000000804d800000)]
  0x0000020fe2737ce0 JavaThread "JDWP Command Reader" daemon [_thread_in_native, id=22460, stack(0x000000804d800000,0x000000804d900000)]
  0x0000020fe2c07070 JavaThread "Notification Thread" daemon [_thread_blocked, id=26264, stack(0x000000804d900000,0x000000804da00000)]

Other Threads:
  0x0000020fe18edd10 VMThread "VM Thread" [stack: 0x000000804cb00000,0x000000804cc00000] [id=1224]
  0x0000020fe2b58860 WatcherThread [stack: 0x000000804da00000,0x000000804db00000] [id=856]
  0x0000020fc5c7ed10 GCTaskThread "GC Thread#0" [stack: 0x000000804c600000,0x000000804c700000] [id=22444]
  0x0000020fc7e5c490 ConcurrentGCThread "G1 Main Marker" [stack: 0x000000804c700000,0x000000804c800000] [id=24608]
  0x0000020fc7e5d640 ConcurrentGCThread "G1 Conc#0" [stack: 0x000000804c800000,0x000000804c900000] [id=10768]
  0x0000020fc7edad20 ConcurrentGCThread "G1 Refine#0" [stack: 0x000000804c900000,0x000000804ca00000] [id=24316]
  0x0000020fc7edb640 ConcurrentGCThread "G1 Service" [stack: 0x000000804ca00000,0x000000804cb00000] [id=25776]

Threads with active compile tasks:

VM state: not at safepoint (normal execution)

VM Mutex/Monitor currently owned by a thread: None

Heap address: 0x0000000089200000, size: 1902 MB, Compressed Oops mode: 32-bit

CDS archive(s) not mapped
Compressed class space mapped at: 0x0000000100000000-0x0000000140000000, reserved size: 1073741824
Narrow klass base: 0x0000000000000000, Narrow klass shift: 3, Narrow klass range: 0x140000000

GC Precious Log:
 CPUs: 8 total, 8 available
 Memory: 7600M
 Large Page Support: Disabled
 NUMA Support: Disabled
 Compressed Oops: Enabled (32-bit)
 Heap Region Size: 1M
 Heap Min Capacity: 8M
 Heap Initial Capacity: 120M
 Heap Max Capacity: 1902M
 Pre-touch: Disabled
 Parallel Workers: 8
 Concurrent Workers: 2
 Concurrent Refinement Workers: 8
 Periodic GC: Disabled

Heap:
 garbage-first heap   total 122880K, used 5120K [0x0000000089200000, 0x0000000100000000)
  region size 1024K, 6 young (6144K), 0 survivors (0K)
 Metaspace       used 9463K, committed 9600K, reserved 1064960K
  class space    used 821K, committed 896K, reserved 1048576K

Heap Regions: E=young(eden), S=young(survivor), O=old, HS=humongous(starts), HC=humongous(continues), CS=collection set, F=free, OA=open archive, CA=closed archive, TAMS=top-at-mark-start (previous, next)
|   0|0x0000000089200000, 0x0000000089200000, 0x0000000089300000|  0%| F|  |TAMS 0x0000000089200000, 0x0000000089200000| Untracked 
|   1|0x0000000089300000, 0x0000000089300000, 0x0000000089400000|  0%| F|  |TAMS 0x0000000089300000, 0x0000000089300000| Untracked 
|   2|0x0000000089400000, 0x0000000089400000, 0x0000000089500000|  0%| F|  |TAMS 0x0000000089400000, 0x0000000089400000| Untracked 
|   3|0x0000000089500000, 0x0000000089500000, 0x0000000089600000|  0%| F|  |TAMS 0x0000000089500000, 0x0000000089500000| Untracked 
|   4|0x0000000089600000, 0x0000000089600000, 0x0000000089700000|  0%| F|  |TAMS 0x0000000089600000, 0x0000000089600000| Untracked 
|   5|0x0000000089700000, 0x0000000089700000, 0x0000000089800000|  0%| F|  |TAMS 0x0000000089700000, 0x0000000089700000| Untracked 
|   6|0x0000000089800000, 0x0000000089800000, 0x0000000089900000|  0%| F|  |TAMS 0x0000000089800000, 0x0000000089800000| Untracked 
|   7|0x0000000089900000, 0x0000000089900000, 0x0000000089a00000|  0%| F|  |TAMS 0x0000000089900000, 0x0000000089900000| Untracked 
|   8|0x0000000089a00000, 0x0000000089a00000, 0x0000000089b00000|  0%| F|  |TAMS 0x0000000089a00000, 0x0000000089a00000| Untracked 
|   9|0x0000000089b00000, 0x0000000089b00000, 0x0000000089c00000|  0%| F|  |TAMS 0x0000000089b00000, 0x0000000089b00000| Untracked 
|  10|0x0000000089c00000, 0x0000000089c00000, 0x0000000089d00000|  0%| F|  |TAMS 0x0000000089c00000, 0x0000000089c00000| Untracked 
|  11|0x0000000089d00000, 0x0000000089d00000, 0x0000000089e00000|  0%| F|  |TAMS 0x0000000089d00000, 0x0000000089d00000| Untracked 
|  12|0x0000000089e00000, 0x0000000089e00000, 0x0000000089f00000|  0%| F|  |TAMS 0x0000000089e00000, 0x0000000089e00000| Untracked 
|  13|0x0000000089f00000, 0x0000000089f00000, 0x000000008a000000|  0%| F|  |TAMS 0x0000000089f00000, 0x0000000089f00000| Untracked 
|  14|0x000000008a000000, 0x000000008a000000, 0x000000008a100000|  0%| F|  |TAMS 0x000000008a000000, 0x000000008a000000| Untracked 
|  15|0x000000008a100000, 0x000000008a100000, 0x000000008a200000|  0%| F|  |TAMS 0x000000008a100000, 0x000000008a100000| Untracked 
|  16|0x000000008a200000, 0x000000008a200000, 0x000000008a300000|  0%| F|  |TAMS 0x000000008a200000, 0x000000008a200000| Untracked 
|  17|0x000000008a300000, 0x000000008a300000, 0x000000008a400000|  0%| F|  |TAMS 0x000000008a300000, 0x000000008a300000| Untracked 
|  18|0x000000008a400000, 0x000000008a400000, 0x000000008a500000|  0%| F|  |TAMS 0x000000008a400000, 0x000000008a400000| Untracked 
|  19|0x000000008a500000, 0x000000008a500000, 0x000000008a600000|  0%| F|  |TAMS 0x000000008a500000, 0x000000008a500000| Untracked 
|  20|0x000000008a600000, 0x000000008a600000, 0x000000008a700000|  0%| F|  |TAMS 0x000000008a600000, 0x000000008a600000| Untracked 
|  21|0x000000008a700000, 0x000000008a700000, 0x000000008a800000|  0%| F|  |TAMS 0x000000008a700000, 0x000000008a700000| Untracked 
|  22|0x000000008a800000, 0x000000008a800000, 0x000000008a900000|  0%| F|  |TAMS 0x000000008a800000, 0x000000008a800000| Untracked 
|  23|0x000000008a900000, 0x000000008a900000, 0x000000008aa00000|  0%| F|  |TAMS 0x000000008a900000, 0x000000008a900000| Untracked 
|  24|0x000000008aa00000, 0x000000008aa00000, 0x000000008ab00000|  0%| F|  |TAMS 0x000000008aa00000, 0x000000008aa00000| Untracked 
|  25|0x000000008ab00000, 0x000000008ab00000, 0x000000008ac00000|  0%| F|  |TAMS 0x000000008ab00000, 0x000000008ab00000| Untracked 
|  26|0x000000008ac00000, 0x000000008ac00000, 0x000000008ad00000|  0%| F|  |TAMS 0x000000008ac00000, 0x000000008ac00000| Untracked 
|  27|0x000000008ad00000, 0x000000008ad00000, 0x000000008ae00000|  0%| F|  |TAMS 0x000000008ad00000, 0x000000008ad00000| Untracked 
|  28|0x000000008ae00000, 0x000000008ae00000, 0x000000008af00000|  0%| F|  |TAMS 0x000000008ae00000, 0x000000008ae00000| Untracked 
|  29|0x000000008af00000, 0x000000008af00000, 0x000000008b000000|  0%| F|  |TAMS 0x000000008af00000, 0x000000008af00000| Untracked 
|  30|0x000000008b000000, 0x000000008b000000, 0x000000008b100000|  0%| F|  |TAMS 0x000000008b000000, 0x000000008b000000| Untracked 
|  31|0x000000008b100000, 0x000000008b100000, 0x000000008b200000|  0%| F|  |TAMS 0x000000008b100000, 0x000000008b100000| Untracked 
|  32|0x000000008b200000, 0x000000008b200000, 0x000000008b300000|  0%| F|  |TAMS 0x000000008b200000, 0x000000008b200000| Untracked 
|  33|0x000000008b300000, 0x000000008b300000, 0x000000008b400000|  0%| F|  |TAMS 0x000000008b300000, 0x000000008b300000| Untracked 
|  34|0x000000008b400000, 0x000000008b400000, 0x000000008b500000|  0%| F|  |TAMS 0x000000008b400000, 0x000000008b400000| Untracked 
|  35|0x000000008b500000, 0x000000008b500000, 0x000000008b600000|  0%| F|  |TAMS 0x000000008b500000, 0x000000008b500000| Untracked 
|  36|0x000000008b600000, 0x000000008b600000, 0x000000008b700000|  0%| F|  |TAMS 0x000000008b600000, 0x000000008b600000| Untracked 
|  37|0x000000008b700000, 0x000000008b700000, 0x000000008b800000|  0%| F|  |TAMS 0x000000008b700000, 0x000000008b700000| Untracked 
|  38|0x000000008b800000, 0x000000008b800000, 0x000000008b900000|  0%| F|  |TAMS 0x000000008b800000, 0x000000008b800000| Untracked 
|  39|0x000000008b900000, 0x000000008b900000, 0x000000008ba00000|  0%| F|  |TAMS 0x000000008b900000, 0x000000008b900000| Untracked 
|  40|0x000000008ba00000, 0x000000008ba00000, 0x000000008bb00000|  0%| F|  |TAMS 0x000000008ba00000, 0x000000008ba00000| Untracked 
|  41|0x000000008bb00000, 0x000000008bb00000, 0x000000008bc00000|  0%| F|  |TAMS 0x000000008bb00000, 0x000000008bb00000| Untracked 
|  42|0x000000008bc00000, 0x000000008bc00000, 0x000000008bd00000|  0%| F|  |TAMS 0x000000008bc00000, 0x000000008bc00000| Untracked 
|  43|0x000000008bd00000, 0x000000008bd00000, 0x000000008be00000|  0%| F|  |TAMS 0x000000008bd00000, 0x000000008bd00000| Untracked 
|  44|0x000000008be00000, 0x000000008be00000, 0x000000008bf00000|  0%| F|  |TAMS 0x000000008be00000, 0x000000008be00000| Untracked 
|  45|0x000000008bf00000, 0x000000008bf00000, 0x000000008c000000|  0%| F|  |TAMS 0x000000008bf00000, 0x000000008bf00000| Untracked 
|  46|0x000000008c000000, 0x000000008c000000, 0x000000008c100000|  0%| F|  |TAMS 0x000000008c000000, 0x000000008c000000| Untracked 
|  47|0x000000008c100000, 0x000000008c100000, 0x000000008c200000|  0%| F|  |TAMS 0x000000008c100000, 0x000000008c100000| Untracked 
|  48|0x000000008c200000, 0x000000008c200000, 0x000000008c300000|  0%| F|  |TAMS 0x000000008c200000, 0x000000008c200000| Untracked 
|  49|0x000000008c300000, 0x000000008c300000, 0x000000008c400000|  0%| F|  |TAMS 0x000000008c300000, 0x000000008c300000| Untracked 
|  50|0x000000008c400000, 0x000000008c400000, 0x000000008c500000|  0%| F|  |TAMS 0x000000008c400000, 0x000000008c400000| Untracked 
|  51|0x000000008c500000, 0x000000008c500000, 0x000000008c600000|  0%| F|  |TAMS 0x000000008c500000, 0x000000008c500000| Untracked 
|  52|0x000000008c600000, 0x000000008c600000, 0x000000008c700000|  0%| F|  |TAMS 0x000000008c600000, 0x000000008c600000| Untracked 
|  53|0x000000008c700000, 0x000000008c700000, 0x000000008c800000|  0%| F|  |TAMS 0x000000008c700000, 0x000000008c700000| Untracked 
|  54|0x000000008c800000, 0x000000008c800000, 0x000000008c900000|  0%| F|  |TAMS 0x000000008c800000, 0x000000008c800000| Untracked 
|  55|0x000000008c900000, 0x000000008c900000, 0x000000008ca00000|  0%| F|  |TAMS 0x000000008c900000, 0x000000008c900000| Untracked 
|  56|0x000000008ca00000, 0x000000008ca00000, 0x000000008cb00000|  0%| F|  |TAMS 0x000000008ca00000, 0x000000008ca00000| Untracked 
|  57|0x000000008cb00000, 0x000000008cb00000, 0x000000008cc00000|  0%| F|  |TAMS 0x000000008cb00000, 0x000000008cb00000| Untracked 
|  58|0x000000008cc00000, 0x000000008cc00000, 0x000000008cd00000|  0%| F|  |TAMS 0x000000008cc00000, 0x000000008cc00000| Untracked 
|  59|0x000000008cd00000, 0x000000008cd00000, 0x000000008ce00000|  0%| F|  |TAMS 0x000000008cd00000, 0x000000008cd00000| Untracked 
|  60|0x000000008ce00000, 0x000000008ce00000, 0x000000008cf00000|  0%| F|  |TAMS 0x000000008ce00000, 0x000000008ce00000| Untracked 
|  61|0x000000008cf00000, 0x000000008cf00000, 0x000000008d000000|  0%| F|  |TAMS 0x000000008cf00000, 0x000000008cf00000| Untracked 
|  62|0x000000008d000000, 0x000000008d000000, 0x000000008d100000|  0%| F|  |TAMS 0x000000008d000000, 0x000000008d000000| Untracked 
|  63|0x000000008d100000, 0x000000008d100000, 0x000000008d200000|  0%| F|  |TAMS 0x000000008d100000, 0x000000008d100000| Untracked 
|  64|0x000000008d200000, 0x000000008d200000, 0x000000008d300000|  0%| F|  |TAMS 0x000000008d200000, 0x000000008d200000| Untracked 
|  65|0x000000008d300000, 0x000000008d300000, 0x000000008d400000|  0%| F|  |TAMS 0x000000008d300000, 0x000000008d300000| Untracked 
|  66|0x000000008d400000, 0x000000008d400000, 0x000000008d500000|  0%| F|  |TAMS 0x000000008d400000, 0x000000008d400000| Untracked 
|  67|0x000000008d500000, 0x000000008d500000, 0x000000008d600000|  0%| F|  |TAMS 0x000000008d500000, 0x000000008d500000| Untracked 
|  68|0x000000008d600000, 0x000000008d600000, 0x000000008d700000|  0%| F|  |TAMS 0x000000008d600000, 0x000000008d600000| Untracked 
|  69|0x000000008d700000, 0x000000008d700000, 0x000000008d800000|  0%| F|  |TAMS 0x000000008d700000, 0x000000008d700000| Untracked 
|  70|0x000000008d800000, 0x000000008d800000, 0x000000008d900000|  0%| F|  |TAMS 0x000000008d800000, 0x000000008d800000| Untracked 
|  71|0x000000008d900000, 0x000000008d900000, 0x000000008da00000|  0%| F|  |TAMS 0x000000008d900000, 0x000000008d900000| Untracked 
|  72|0x000000008da00000, 0x000000008da00000, 0x000000008db00000|  0%| F|  |TAMS 0x000000008da00000, 0x000000008da00000| Untracked 
|  73|0x000000008db00000, 0x000000008db00000, 0x000000008dc00000|  0%| F|  |TAMS 0x000000008db00000, 0x000000008db00000| Untracked 
|  74|0x000000008dc00000, 0x000000008dc00000, 0x000000008dd00000|  0%| F|  |TAMS 0x000000008dc00000, 0x000000008dc00000| Untracked 
|  75|0x000000008dd00000, 0x000000008dd00000, 0x000000008de00000|  0%| F|  |TAMS 0x000000008dd00000, 0x000000008dd00000| Untracked 
|  76|0x000000008de00000, 0x000000008de00000, 0x000000008df00000|  0%| F|  |TAMS 0x000000008de00000, 0x000000008de00000| Untracked 
|  77|0x000000008df00000, 0x000000008df00000, 0x000000008e000000|  0%| F|  |TAMS 0x000000008df00000, 0x000000008df00000| Untracked 
|  78|0x000000008e000000, 0x000000008e000000, 0x000000008e100000|  0%| F|  |TAMS 0x000000008e000000, 0x000000008e000000| Untracked 
|  79|0x000000008e100000, 0x000000008e100000, 0x000000008e200000|  0%| F|  |TAMS 0x000000008e100000, 0x000000008e100000| Untracked 
|  80|0x000000008e200000, 0x000000008e200000, 0x000000008e300000|  0%| F|  |TAMS 0x000000008e200000, 0x000000008e200000| Untracked 
|  81|0x000000008e300000, 0x000000008e300000, 0x000000008e400000|  0%| F|  |TAMS 0x000000008e300000, 0x000000008e300000| Untracked 
|  82|0x000000008e400000, 0x000000008e400000, 0x000000008e500000|  0%| F|  |TAMS 0x000000008e400000, 0x000000008e400000| Untracked 
|  83|0x000000008e500000, 0x000000008e500000, 0x000000008e600000|  0%| F|  |TAMS 0x000000008e500000, 0x000000008e500000| Untracked 
|  84|0x000000008e600000, 0x000000008e600000, 0x000000008e700000|  0%| F|  |TAMS 0x000000008e600000, 0x000000008e600000| Untracked 
|  85|0x000000008e700000, 0x000000008e700000, 0x000000008e800000|  0%| F|  |TAMS 0x000000008e700000, 0x000000008e700000| Untracked 
|  86|0x000000008e800000, 0x000000008e800000, 0x000000008e900000|  0%| F|  |TAMS 0x000000008e800000, 0x000000008e800000| Untracked 
|  87|0x000000008e900000, 0x000000008e900000, 0x000000008ea00000|  0%| F|  |TAMS 0x000000008e900000, 0x000000008e900000| Untracked 
|  88|0x000000008ea00000, 0x000000008ea00000, 0x000000008eb00000|  0%| F|  |TAMS 0x000000008ea00000, 0x000000008ea00000| Untracked 
|  89|0x000000008eb00000, 0x000000008eb00000, 0x000000008ec00000|  0%| F|  |TAMS 0x000000008eb00000, 0x000000008eb00000| Untracked 
|  90|0x000000008ec00000, 0x000000008ec00000, 0x000000008ed00000|  0%| F|  |TAMS 0x000000008ec00000, 0x000000008ec00000| Untracked 
|  91|0x000000008ed00000, 0x000000008ed00000, 0x000000008ee00000|  0%| F|  |TAMS 0x000000008ed00000, 0x000000008ed00000| Untracked 
|  92|0x000000008ee00000, 0x000000008ee00000, 0x000000008ef00000|  0%| F|  |TAMS 0x000000008ee00000, 0x000000008ee00000| Untracked 
|  93|0x000000008ef00000, 0x000000008ef00000, 0x000000008f000000|  0%| F|  |TAMS 0x000000008ef00000, 0x000000008ef00000| Untracked 
|  94|0x000000008f000000, 0x000000008f000000, 0x000000008f100000|  0%| F|  |TAMS 0x000000008f000000, 0x000000008f000000| Untracked 
|  95|0x000000008f100000, 0x000000008f100000, 0x000000008f200000|  0%| F|  |TAMS 0x000000008f100000, 0x000000008f100000| Untracked 
|  96|0x000000008f200000, 0x000000008f200000, 0x000000008f300000|  0%| F|  |TAMS 0x000000008f200000, 0x000000008f200000| Untracked 
|  97|0x000000008f300000, 0x000000008f300000, 0x000000008f400000|  0%| F|  |TAMS 0x000000008f300000, 0x000000008f300000| Untracked 
|  98|0x000000008f400000, 0x000000008f400000, 0x000000008f500000|  0%| F|  |TAMS 0x000000008f400000, 0x000000008f400000| Untracked 
|  99|0x000000008f500000, 0x000000008f500000, 0x000000008f600000|  0%| F|  |TAMS 0x000000008f500000, 0x000000008f500000| Untracked 
| 100|0x000000008f600000, 0x000000008f600000, 0x000000008f700000|  0%| F|  |TAMS 0x000000008f600000, 0x000000008f600000| Untracked 
| 101|0x000000008f700000, 0x000000008f700000, 0x000000008f800000|  0%| F|  |TAMS 0x000000008f700000, 0x000000008f700000| Untracked 
| 102|0x000000008f800000, 0x000000008f800000, 0x000000008f900000|  0%| F|  |TAMS 0x000000008f800000, 0x000000008f800000| Untracked 
| 103|0x000000008f900000, 0x000000008f900000, 0x000000008fa00000|  0%| F|  |TAMS 0x000000008f900000, 0x000000008f900000| Untracked 
| 104|0x000000008fa00000, 0x000000008fa00000, 0x000000008fb00000|  0%| F|  |TAMS 0x000000008fa00000, 0x000000008fa00000| Untracked 
| 105|0x000000008fb00000, 0x000000008fb00000, 0x000000008fc00000|  0%| F|  |TAMS 0x000000008fb00000, 0x000000008fb00000| Untracked 
| 106|0x000000008fc00000, 0x000000008fc00000, 0x000000008fd00000|  0%| F|  |TAMS 0x000000008fc00000, 0x000000008fc00000| Untracked 
| 107|0x000000008fd00000, 0x000000008fd00000, 0x000000008fe00000|  0%| F|  |TAMS 0x000000008fd00000, 0x000000008fd00000| Untracked 
| 108|0x000000008fe00000, 0x000000008fe00000, 0x000000008ff00000|  0%| F|  |TAMS 0x000000008fe00000, 0x000000008fe00000| Untracked 
| 109|0x000000008ff00000, 0x000000008ff00000, 0x0000000090000000|  0%| F|  |TAMS 0x000000008ff00000, 0x000000008ff00000| Untracked 
| 110|0x0000000090000000, 0x0000000090000000, 0x0000000090100000|  0%| F|  |TAMS 0x0000000090000000, 0x0000000090000000| Untracked 
| 111|0x0000000090100000, 0x0000000090100000, 0x0000000090200000|  0%| F|  |TAMS 0x0000000090100000, 0x0000000090100000| Untracked 
| 112|0x0000000090200000, 0x0000000090200000, 0x0000000090300000|  0%| F|  |TAMS 0x0000000090200000, 0x0000000090200000| Untracked 
| 113|0x0000000090300000, 0x0000000090300000, 0x0000000090400000|  0%| F|  |TAMS 0x0000000090300000, 0x0000000090300000| Untracked 
| 114|0x0000000090400000, 0x0000000090476f08, 0x0000000090500000| 46%| E|  |TAMS 0x0000000090400000, 0x0000000090400000| Complete 
| 115|0x0000000090500000, 0x0000000090600000, 0x0000000090600000|100%| E|CS|TAMS 0x0000000090500000, 0x0000000090500000| Complete 
| 116|0x0000000090600000, 0x0000000090700000, 0x0000000090700000|100%| E|CS|TAMS 0x0000000090600000, 0x0000000090600000| Complete 
| 117|0x0000000090700000, 0x0000000090800000, 0x0000000090800000|100%| E|CS|TAMS 0x0000000090700000, 0x0000000090700000| Complete 
| 118|0x0000000090800000, 0x0000000090900000, 0x0000000090900000|100%| E|CS|TAMS 0x0000000090800000, 0x0000000090800000| Complete 
| 119|0x0000000090900000, 0x0000000090a00000, 0x0000000090a00000|100%| E|CS|TAMS 0x0000000090900000, 0x0000000090900000| Complete 

Card table byte_map: [0x0000020fdabc0000,0x0000020fdaf80000] _byte_map_base: 0x0000020fda777000

Marking Bits (Prev, Next): (CMBitMap*) 0x0000020fc7e4cda0, (CMBitMap*) 0x0000020fc7e4cde0
 Prev Bits: [0x0000020fdb340000, 0x0000020fdd0f8000)
 Next Bits: [0x0000020fdd100000, 0x0000020fdeeb8000)

Polling page: 0x0000020fc5db0000

Metaspace:

Usage:
  Non-class:      8.44 MB used.
      Class:    821.10 KB used.
       Both:      9.24 MB used.

Virtual space:
  Non-class space:       16.00 MB reserved,       8.50 MB ( 53%) committed,  2 nodes.
      Class space:        1.00 GB reserved,     896.00 KB ( <1%) committed,  1 nodes.
             Both:        1.02 GB reserved,       9.38 MB ( <1%) committed. 

Chunk freelists:
   Non-Class:  2.73 MB
       Class:  2.97 MB
        Both:  5.70 MB

MaxMetaspaceSize: unlimited
CompressedClassSpaceSize: 1.00 GB
Initial GC threshold: 21.00 MB
Current GC threshold: 21.00 MB
CDS: off
MetaspaceReclaimPolicy: balanced
 - commit_granule_bytes: 65536.
 - commit_granule_words: 8192.
 - virtual_space_node_default_size: 1048576.
 - enlarge_chunks_in_place: 1.
 - new_chunks_are_fully_committed: 0.
 - uncommit_free_chunks: 1.
 - use_allocation_guard: 0.
 - handle_deallocations: 1.


Internal statistics:

num_allocs_failed_limit: 0.
num_arena_births: 8.
num_arena_deaths: 0.
num_vsnodes_births: 3.
num_vsnodes_deaths: 0.
num_space_committed: 150.
num_space_uncommitted: 0.
num_chunks_returned_to_freelist: 0.
num_chunks_taken_from_freelist: 47.
num_chunk_merges: 0.
num_chunk_splits: 20.
num_chunks_enlarged: 15.
num_purges: 0.
num_inconsistent_stats: 0.

CodeHeap 'non-profiled nmethods': size=120000Kb used=131Kb max_used=131Kb free=119868Kb
 bounds [0x0000020fd2fa0000, 0x0000020fd3210000, 0x0000020fda4d0000]
CodeHeap 'profiled nmethods': size=120000Kb used=602Kb max_used=602Kb free=119397Kb
 bounds [0x0000020fcba70000, 0x0000020fcbce0000, 0x0000020fd2fa0000]
CodeHeap 'non-nmethods': size=5760Kb used=1197Kb max_used=1213Kb free=4562Kb
 bounds [0x0000020fcb4d0000, 0x0000020fcb740000, 0x0000020fcba70000]
 total_blobs=832 nmethods=419 adapters=326
 compilation: enabled
              stopped_count=0, restarted_count=0
 full_count=0

Compilation events (20 events):
Event: 766.518 Thread 0x0000020fe2409520 nmethod 418 0x0000020fd2fbf990 code [0x0000020fd2fbfb00, 0x0000020fd2fbfbb8]
Event: 766.518 Thread 0x0000020fe2409520  421       4       java.lang.StringUTF16::compress (50 bytes)
Event: 766.518 Thread 0x0000020fe240ca90 

Event: 766.518 Thread 0x0000020fe240ca90  422       3       org.eclipse.jdt.launching.internal.org.objectweb.asm.SymbolTable::addConstantUtf8 (98 bytes)
Event: 766.519 Thread 0x0000020fe240ca90 nmethod 422 0x0000020fcbb04710 code [0x0000020fcbb04940, 0x0000020fcbb04f38]
Event: 766.519 Thread 0x0000020fe240ca90  423       1       org.eclipse.jdt.launching.internal.org.objectweb.asm.SymbolTable::getMajorVersion (5 bytes)
Event: 766.519 Thread 0x0000020fe240ca90 nmethod 423 0x0000020fd2fbfc90 code [0x0000020fd2fbfe20, 0x0000020fd2fbfef8]
Event: 766.522 Thread 0x0000020fe2409520 nmethod 421 0x0000020fd2fbff90 code [0x0000020fd2fc0100, 0x0000020fd2fc0558]
Event: 766.522 Thread 0x0000020fe2409520  420       4       org.eclipse.jdt.launching.internal.org.objectweb.asm.ClassReader::readUnsignedShort (26 bytes)
Event: 766.523 Thread 0x0000020fe2409520 nmethod 420 0x0000020fd2fc0690 code [0x0000020fd2fc0800, 0x0000020fd2fc08f8]
Event: 928.799 Thread 0x0000020fe240ca90  424       3       org.eclipse.jdt.launching.internal.org.objectweb.asm.ClassReader::readUtf (161 bytes)
Event: 928.801 Thread 0x0000020fe240ca90 

Event: 3945.185 Thread 0x0000020fe240ca90  425       3       org.eclipse.jdt.launching.internal.org.objectweb.asm.ClassReader::readClass (7 bytes)
Event: 3945.189 Thread 0x0000020fe240ca90 nmethod 425 0x0000020fcbb05290 code [0x0000020fcbb05460, 0x0000020fcbb05808]
Event: 3945.189 Thread 0x0000020fe240ca90  427       3       org.eclipse.jdt.launching.internal.org.objectweb.asm.ClassReader::readUtf (161 bytes)
Event: 3945.189 Thread 0x0000020fe240ca90 nmethod 427 0x0000020fcbb05a10 code [0x0000020fcbb05be0, 0x0000020fcbb06088]
Event: 3945.189 Thread 0x0000020fe240ca90  426       3       org.eclipse.jdt.launching.internal.org.objectweb.asm.ClassReader::readStringish (16 bytes)
Event: 3945.190 Thread 0x0000020fe240ca90 nmethod 426 0x0000020fcbb06390 code [0x0000020fcbb06560, 0x0000020fcbb06888]
Event: 3967.733 Thread 0x0000020fe240ca90  428       1       org.eclipse.jdt.launching.internal.org.objectweb.asm.SymbolTable::getSource (5 bytes)
Event: 3967.733 Thread 0x0000020fe240ca90 nmethod 428 0x0000020fd2fc0a10 code [0x0000020fd2fc0ba0, 0x0000020fd2fc0c78]

GC Heap History (0 events):
No events

Deoptimization events (20 events):
Event: 0.346 Thread 0x0000020fc7e15630 DEOPT PACKING pc=0x0000020fcbae5f54 sp=0x000000804c5fbbe0
Event: 0.346 Thread 0x0000020fc7e15630 DEOPT UNPACKING pc=0x0000020fcb522b43 sp=0x000000804c5fb048 mode 0
Event: 0.346 Thread 0x0000020fc7e15630 DEOPT PACKING pc=0x0000020fcbae5f54 sp=0x000000804c5fbbe0
Event: 0.346 Thread 0x0000020fc7e15630 DEOPT UNPACKING pc=0x0000020fcb522b43 sp=0x000000804c5fb048 mode 0
Event: 0.348 Thread 0x0000020fc7e15630 DEOPT PACKING pc=0x0000020fcbae602c sp=0x000000804c5f8110
Event: 0.348 Thread 0x0000020fc7e15630 DEOPT UNPACKING pc=0x0000020fcb522b43 sp=0x000000804c5f7578 mode 0
Event: 0.349 Thread 0x0000020fc7e15630 DEOPT PACKING pc=0x0000020fcbae602c sp=0x000000804c5fbb10
Event: 0.349 Thread 0x0000020fc7e15630 DEOPT UNPACKING pc=0x0000020fcb522b43 sp=0x000000804c5faf78 mode 0
Event: 0.350 Thread 0x0000020fc7e15630 DEOPT PACKING pc=0x0000020fcbae602c sp=0x000000804c5fbbe0
Event: 0.350 Thread 0x0000020fc7e15630 DEOPT UNPACKING pc=0x0000020fcb522b43 sp=0x000000804c5fb048 mode 0
Event: 0.354 Thread 0x0000020fc7e15630 DEOPT PACKING pc=0x0000020fcbae602c sp=0x000000804c5f7d80
Event: 0.354 Thread 0x0000020fc7e15630 DEOPT UNPACKING pc=0x0000020fcb522b43 sp=0x000000804c5f71e8 mode 0
Event: 0.354 Thread 0x0000020fc7e15630 DEOPT PACKING pc=0x0000020fcbae5f54 sp=0x000000804c5f7d80
Event: 0.354 Thread 0x0000020fc7e15630 DEOPT UNPACKING pc=0x0000020fcb522b43 sp=0x000000804c5f71e8 mode 0
Event: 0.354 Thread 0x0000020fc7e15630 DEOPT PACKING pc=0x0000020fcbae5f54 sp=0x000000804c5f7d80
Event: 0.354 Thread 0x0000020fc7e15630 DEOPT UNPACKING pc=0x0000020fcb522b43 sp=0x000000804c5f71e8 mode 0
Event: 0.354 Thread 0x0000020fc7e15630 DEOPT PACKING pc=0x0000020fcbae5f54 sp=0x000000804c5f7d80
Event: 0.354 Thread 0x0000020fc7e15630 DEOPT UNPACKING pc=0x0000020fcb522b43 sp=0x000000804c5f71e8 mode 0
Event: 0.355 Thread 0x0000020fc7e15630 DEOPT PACKING pc=0x0000020fcbae602c sp=0x000000804c5f7d80
Event: 0.355 Thread 0x0000020fc7e15630 DEOPT UNPACKING pc=0x0000020fcb522b43 sp=0x000000804c5f71e8 mode 0

Classes unloaded (0 events):
No events

Classes redefined (20 events):
Event: 674.878 Thread 0x0000020fe18edd10 redefined class name=com.SathisKumarSan.HuffManNode, count=1
Event: 674.878 Thread 0x0000020fe18edd10 redefined class name=com.SathisKumarSan.HuffmanEncoder, count=1
Event: 680.655 Thread 0x0000020fe18edd10 redefined class name=com.SathisKumarSan.HuffManNode, count=2
Event: 680.655 Thread 0x0000020fe18edd10 redefined class name=com.SathisKumarSan.HuffmanEncoder, count=2
Event: 710.002 Thread 0x0000020fe18edd10 redefined class name=com.SathisKumarSan.HuffManNode, count=3
Event: 710.002 Thread 0x0000020fe18edd10 redefined class name=com.SathisKumarSan.HuffmanEncoder, count=3
Event: 716.832 Thread 0x0000020fe18edd10 redefined class name=com.SathisKumarSan.HuffManNode, count=4
Event: 716.832 Thread 0x0000020fe18edd10 redefined class name=com.SathisKumarSan.HuffmanEncoder, count=4
Event: 724.145 Thread 0x0000020fe18edd10 redefined class name=com.SathisKumarSan.HuffManNode, count=5
Event: 724.145 Thread 0x0000020fe18edd10 redefined class name=com.SathisKumarSan.HuffmanEncoder, count=5
Event: 736.678 Thread 0x0000020fe18edd10 redefined class name=com.SathisKumarSan.HuffManNode, count=6
Event: 736.678 Thread 0x0000020fe18edd10 redefined class name=com.SathisKumarSan.HuffmanEncoder, count=6
Event: 766.517 Thread 0x0000020fe18edd10 redefined class name=com.SathisKumarSan.HuffManNode, count=7
Event: 766.517 Thread 0x0000020fe18edd10 redefined class name=com.SathisKumarSan.HuffmanEncoder, count=7
Event: 928.799 Thread 0x0000020fe18edd10 redefined class name=com.SathisKumarSan.HuffManNode, count=8
Event: 928.799 Thread 0x0000020fe18edd10 redefined class name=com.SathisKumarSan.HuffmanEncoder, count=8
Event: 3945.228 Thread 0x0000020fe18edd10 redefined class name=com.SathisKumarSan.HuffManNode, count=9
Event: 3945.229 Thread 0x0000020fe18edd10 redefined class name=com.SathisKumarSan.HuffmanEncoder, count=9
Event: 3967.737 Thread 0x0000020fe18edd10 redefined class name=com.SathisKumarSan.HuffManNode, count=10
Event: 3967.737 Thread 0x0000020fe18edd10 redefined class name=com.SathisKumarSan.HuffmanEncoder, count=10

Internal exceptions (0 events):
No events

VM Operations (20 events):
Event: 766.523 Executing VM operation: ChangeBreakpoints
Event: 766.523 Executing VM operation: ChangeBreakpoints done
Event: 766.528 Executing VM operation: ChangeBreakpoints
Event: 766.528 Executing VM operation: ChangeBreakpoints done
Event: 928.799 Executing VM operation: RedefineClasses
Event: 928.801 Executing VM operation: RedefineClasses done
Event: 928.805 Executing VM operation: ChangeBreakpoints
Event: 928.805 Executing VM operation: ChangeBreakpoints done
Event: 928.810 Executing VM operation: ChangeBreakpoints
Event: 928.810 Executing VM operation: ChangeBreakpoints done
Event: 3945.191 Executing VM operation: RedefineClasses
Event: 3945.242 Executing VM operation: RedefineClasses done
Event: 3945.253 Executing VM operation: ChangeBreakpoints
Event: 3945.254 Executing VM operation: ChangeBreakpoints done
Event: 3945.260 Executing VM operation: ChangeBreakpoints
Event: 3945.260 Executing VM operation: ChangeBreakpoints done
Event: 3967.736 Executing VM operation: RedefineClasses
Event: 3967.739 Executing VM operation: RedefineClasses done
Event: 3967.749 Executing VM operation: ChangeBreakpoints
Event: 3967.749 Executing VM operation: ChangeBreakpoints done

Events (20 events):
Event: 0.337 loading class jdk/internal/reflect/Label
Event: 0.337 loading class jdk/internal/reflect/Label done
Event: 0.337 loading class jdk/internal/reflect/Label$PatchInfo
Event: 0.337 loading class jdk/internal/reflect/Label$PatchInfo done
Event: 0.338 loading class jdk/internal/reflect/MethodAccessorGenerator$1
Event: 0.338 loading class jdk/internal/reflect/MethodAccessorGenerator$1 done
Event: 0.338 loading class jdk/internal/reflect/ClassDefiner
Event: 0.338 loading class jdk/internal/reflect/ClassDefiner done
Event: 0.338 loading class jdk/internal/reflect/ClassDefiner$1
Event: 0.338 loading class jdk/internal/reflect/ClassDefiner$1 done
Event: 0.338 loading class jdk/internal/reflect/BootstrapConstructorAccessorImpl
Event: 0.338 loading class jdk/internal/reflect/BootstrapConstructorAccessorImpl done
Event: 0.354 Thread 0x0000020fe2bc2ec0 Thread added: 0x0000020fe2bc2ec0
Event: 0.355 loading class java/lang/IllegalStateException
Event: 0.355 loading class java/lang/IllegalStateException done
Event: 0.362 loading class java/util/PriorityQueue
Event: 0.363 loading class java/util/AbstractQueue
Event: 0.363 loading class java/util/AbstractQueue done
Event: 0.363 loading class java/util/PriorityQueue done
Event: 5.370 Thread 0x0000020fe2bc2ec0 Thread exited: 0x0000020fe2bc2ec0


Dynamic libraries:
0x00007ff7af480000 - 0x00007ff7af48e000 	C:\Users\LINCY SALAMON\.p2\pool\plugins\org.eclipse.justj.openjdk.hotspot.jre.full.win32.x86_64_17.0.2.v20220201-1208\jre\bin\javaw.exe
0x00007ffa115a0000 - 0x00007ffa117a9000 	C:\WINDOWS\SYSTEM32\ntdll.dll
0x00007ffa0f7a0000 - 0x00007ffa0f85d000 	C:\WINDOWS\System32\KERNEL32.DLL
0x00007ffa0ecf0000 - 0x00007ffa0f069000 	C:\WINDOWS\System32\KERNELBASE.dll
0x00007ffa0ea80000 - 0x00007ffa0eb91000 	C:\WINDOWS\System32\ucrtbase.dll
0x00007ff9fc390000 - 0x00007ff9fc3a9000 	C:\Users\LINCY SALAMON\.p2\pool\plugins\org.eclipse.justj.openjdk.hotspot.jre.full.win32.x86_64_17.0.2.v20220201-1208\jre\bin\VCRUNTIME140.dll
0x00007ff9fc3b0000 - 0x00007ff9fc3c8000 	C:\Users\LINCY SALAMON\.p2\pool\plugins\org.eclipse.justj.openjdk.hotspot.jre.full.win32.x86_64_17.0.2.v20220201-1208\jre\bin\jli.dll
0x00007ffa0ff80000 - 0x00007ffa1012c000 	C:\WINDOWS\System32\USER32.dll
0x00007ffa0ecc0000 - 0x00007ffa0ece6000 	C:\WINDOWS\System32\win32u.dll
0x00007ffa0f860000 - 0x00007ffa0f889000 	C:\WINDOWS\System32\GDI32.dll
0x00007ffa03b40000 - 0x00007ffa03de5000 	C:\WINDOWS\WinSxS\amd64_microsoft.windows.common-controls_6595b64144ccf1df_6.0.22000.120_none_9d947278b86cc467\COMCTL32.dll
0x00007ffa0f070000 - 0x00007ffa0f182000 	C:\WINDOWS\System32\gdi32full.dll
0x00007ffa10130000 - 0x00007ffa101d3000 	C:\WINDOWS\System32\msvcrt.dll
0x00007ffa0eba0000 - 0x00007ffa0ec3d000 	C:\WINDOWS\System32\msvcp_win.dll
0x00007ffa101e0000 - 0x00007ffa10211000 	C:\WINDOWS\System32\IMM32.DLL
0x00007ffa0a670000 - 0x00007ffa0a67c000 	C:\Users\LINCY SALAMON\.p2\pool\plugins\org.eclipse.justj.openjdk.hotspot.jre.full.win32.x86_64_17.0.2.v20220201-1208\jre\bin\vcruntime140_1.dll
0x00007ff9df520000 - 0x00007ff9df5b1000 	C:\Users\LINCY SALAMON\.p2\pool\plugins\org.eclipse.justj.openjdk.hotspot.jre.full.win32.x86_64_17.0.2.v20220201-1208\jre\bin\msvcp140.dll
0x00007ff98e0c0000 - 0x00007ff98ed07000 	C:\Users\LINCY SALAMON\.p2\pool\plugins\org.eclipse.justj.openjdk.hotspot.jre.full.win32.x86_64_17.0.2.v20220201-1208\jre\bin\server\jvm.dll
0x00007ffa0fa10000 - 0x00007ffa0fabe000 	C:\WINDOWS\System32\ADVAPI32.dll
0x00007ffa113a0000 - 0x00007ffa1143e000 	C:\WINDOWS\System32\sechost.dll
0x00007ffa11440000 - 0x00007ffa11560000 	C:\WINDOWS\System32\RPCRT4.dll
0x00007ffa0f890000 - 0x00007ffa0f898000 	C:\WINDOWS\System32\PSAPI.DLL
0x00007ff9f8ed0000 - 0x00007ff9f8ed9000 	C:\WINDOWS\SYSTEM32\WSOCK32.dll
0x00007ffa05ac0000 - 0x00007ffa05aca000 	C:\WINDOWS\SYSTEM32\VERSION.dll
0x00007ffa09bb0000 - 0x00007ffa09be3000 	C:\WINDOWS\SYSTEM32\WINMM.dll
0x00007ffa0f430000 - 0x00007ffa0f49f000 	C:\WINDOWS\System32\WS2_32.dll
0x00007ffa0dbe0000 - 0x00007ffa0dbf8000 	C:\WINDOWS\SYSTEM32\kernel.appcore.dll
0x00007ffa08fc0000 - 0x00007ffa08fca000 	C:\Users\LINCY SALAMON\.p2\pool\plugins\org.eclipse.justj.openjdk.hotspot.jre.full.win32.x86_64_17.0.2.v20220201-1208\jre\bin\jimage.dll
0x00007ffa0c610000 - 0x00007ffa0c831000 	C:\WINDOWS\SYSTEM32\DBGHELP.DLL
0x00007ff9fff70000 - 0x00007ff9fffa1000 	C:\WINDOWS\SYSTEM32\dbgcore.DLL
0x00007ffa0ec40000 - 0x00007ffa0ecbf000 	C:\WINDOWS\System32\bcryptPrimitives.dll
0x00007ff9ffe20000 - 0x00007ff9ffe5b000 	C:\Users\LINCY SALAMON\.p2\pool\plugins\org.eclipse.justj.openjdk.hotspot.jre.full.win32.x86_64_17.0.2.v20220201-1208\jre\bin\jdwp.dll
0x00007ffa0c970000 - 0x00007ffa0c97e000 	C:\Users\LINCY SALAMON\.p2\pool\plugins\org.eclipse.justj.openjdk.hotspot.jre.full.win32.x86_64_17.0.2.v20220201-1208\jre\bin\instrument.dll
0x00007ffa079b0000 - 0x00007ffa079d5000 	C:\Users\LINCY SALAMON\.p2\pool\plugins\org.eclipse.justj.openjdk.hotspot.jre.full.win32.x86_64_17.0.2.v20220201-1208\jre\bin\java.dll
0x00007ffa08f70000 - 0x00007ffa08f88000 	C:\Users\LINCY SALAMON\.p2\pool\plugins\org.eclipse.justj.openjdk.hotspot.jre.full.win32.x86_64_17.0.2.v20220201-1208\jre\bin\zip.dll
0x00007ffa10760000 - 0x00007ffa10f18000 	C:\WINDOWS\System32\SHELL32.dll
0x00007ffa0cbf0000 - 0x00007ffa0d458000 	C:\WINDOWS\SYSTEM32\windows.storage.dll
0x00007ffa0fb40000 - 0x00007ffa0feb9000 	C:\WINDOWS\System32\combase.dll
0x00007ffa0ca80000 - 0x00007ffa0cbe6000 	C:\WINDOWS\SYSTEM32\wintypes.dll
0x00007ffa0f920000 - 0x00007ffa0fa0a000 	C:\WINDOWS\System32\SHCORE.dll
0x00007ffa0f5a0000 - 0x00007ffa0f5fd000 	C:\WINDOWS\System32\shlwapi.dll
0x00007ffa0e9b0000 - 0x00007ffa0e9d1000 	C:\WINDOWS\SYSTEM32\profapi.dll
0x00007ffa0c950000 - 0x00007ffa0c95c000 	C:\Users\LINCY SALAMON\.p2\pool\plugins\org.eclipse.justj.openjdk.hotspot.jre.full.win32.x86_64_17.0.2.v20220201-1208\jre\bin\dt_socket.dll
0x00007ffa0d6b0000 - 0x00007ffa0d6dd000 	C:\WINDOWS\SYSTEM32\IPHLPAPI.DLL
0x00007ffa0e020000 - 0x00007ffa0e087000 	C:\WINDOWS\system32\mswsock.dll
0x00007ffa0d6e0000 - 0x00007ffa0d7c8000 	C:\WINDOWS\SYSTEM32\DNSAPI.dll
0x00007ffa0fac0000 - 0x00007ffa0fac9000 	C:\WINDOWS\System32\NSI.dll
0x00007ffa06b50000 - 0x00007ffa06b5a000 	C:\Windows\System32\rasadhlp.dll
0x00007ffa06b60000 - 0x00007ffa06be1000 	C:\WINDOWS\System32\fwpuclnt.dll
0x00007ffa08de0000 - 0x00007ffa08df9000 	C:\Users\LINCY SALAMON\.p2\pool\plugins\org.eclipse.justj.openjdk.hotspot.jre.full.win32.x86_64_17.0.2.v20220201-1208\jre\bin\net.dll
0x00007ffa0a870000 - 0x00007ffa0a97c000 	C:\WINDOWS\SYSTEM32\WINHTTP.dll
0x00007ffa088f0000 - 0x00007ffa08905000 	C:\Users\LINCY SALAMON\.p2\pool\plugins\org.eclipse.justj.openjdk.hotspot.jre.full.win32.x86_64_17.0.2.v20220201-1208\jre\bin\nio.dll
0x00007ffa07680000 - 0x00007ffa07690000 	C:\Users\LINCY SALAMON\.p2\pool\plugins\org.eclipse.justj.openjdk.hotspot.jre.full.win32.x86_64_17.0.2.v20220201-1208\jre\bin\verify.dll

dbghelp: loaded successfully - version: 4.0.5 - missing functions: none
symbol engine: initialized successfully - sym options: 0x614 - pdb path: .;C:\Users\LINCY SALAMON\.p2\pool\plugins\org.eclipse.justj.openjdk.hotspot.jre.full.win32.x86_64_17.0.2.v20220201-1208\jre\bin;C:\WINDOWS\SYSTEM32;C:\WINDOWS\WinSxS\amd64_microsoft.windows.common-controls_6595b64144ccf1df_6.0.22000.120_none_9d947278b86cc467;C:\Users\LINCY SALAMON\.p2\pool\plugins\org.eclipse.justj.openjdk.hotspot.jre.full.win32.x86_64_17.0.2.v20220201-1208\jre\bin\server

VM Arguments:
jvm_args: -XX:+ShowCodeDetailsInExceptionMessages -agentlib:jdwp=transport=dt_socket,suspend=y,address=localhost:63301 -javaagent:C:\Users\LINCY SALAMON\eclipse\java-2022-03\eclipse\configuration\org.eclipse.osgi\539\0\.cp\lib\javaagent-shaded.jar -Dfile.encoding=Cp1252 
java_command: com.SathisKumarSan.HuffmanEncoder
java_class_path (initial): C:\Users\LINCY SALAMON\eclipse-workspace\Study\bin;C:\Users\LINCY SALAMON\Downloads\java-json.jar\java-json.jar;C:\Users\LINCY SALAMON\Downloads\json-simple-1.1.1.jar;C:\Users\LINCY SALAMON\Downloads\jar_files\mysql-connector-java-8.0.29.jar
Launcher Type: SUN_STANDARD

[Global flags]
     intx CICompilerCount                          = 4                                         {product} {ergonomic}
     uint ConcGCThreads                            = 2                                         {product} {ergonomic}
     uint G1ConcRefinementThreads                  = 8                                         {product} {ergonomic}
   size_t G1HeapRegionSize                         = 1048576                                   {product} {ergonomic}
    uintx GCDrainStackTargetSize                   = 64                                        {product} {ergonomic}
   size_t InitialHeapSize                          = 125829120                                 {product} {ergonomic}
   size_t MarkStackSize                            = 4194304                                   {product} {ergonomic}
   size_t MaxHeapSize                              = 1994391552                                {product} {ergonomic}
   size_t MaxNewSize                               = 1196425216                                {product} {ergonomic}
   size_t MinHeapDeltaBytes                        = 1048576                                   {product} {ergonomic}
   size_t MinHeapSize                              = 8388608                                   {product} {ergonomic}
    uintx NonNMethodCodeHeapSize                   = 5839372                                {pd product} {ergonomic}
    uintx NonProfiledCodeHeapSize                  = 122909434                              {pd product} {ergonomic}
    uintx ProfiledCodeHeapSize                     = 122909434                              {pd product} {ergonomic}
    uintx ReservedCodeCacheSize                    = 251658240                              {pd product} {ergonomic}
     bool SegmentedCodeCache                       = true                                      {product} {ergonomic}
     bool ShowCodeDetailsInExceptionMessages       = true                                   {manageable} {command line}
   size_t SoftMaxHeapSize                          = 1994391552                             {manageable} {ergonomic}
     bool UseCompressedClassPointers               = true                           {product lp64_product} {ergonomic}
     bool UseCompressedOops                        = true                           {product lp64_product} {ergonomic}
     bool UseG1GC                                  = true                                      {product} {ergonomic}
     bool UseLargePagesIndividualAllocation        = false                                  {pd product} {ergonomic}

Logging:
Log output configuration:
 #0: stdout all=warning uptime,level,tags
 #1: stderr all=off uptime,level,tags

Environment Variables:
PATH=C:\Users\LINCY SALAMON\.p2\pool\plugins\org.eclipse.justj.openjdk.hotspot.jre.full.win32.x86_64_17.0.2.v20220201-1208\jre\bin;C:/Users/LINCY SALAMON/.p2/pool/plugins/org.eclipse.justj.openjdk.hotspot.jre.full.win32.x86_64_17.0.2.v20220201-1208/jre/bin/server;C:/Users/LINCY SALAMON/.p2/pool/plugins/org.eclipse.justj.openjdk.hotspot.jre.full.win32.x86_64_17.0.2.v20220201-1208/jre/bin;C:\Program Files (x86)\Common Files\Oracle\Java\javapath;C:\WINDOWS\system32;C:\WINDOWS;C:\WINDOWS\System32\Wbem;C:\WINDOWS\System32\WindowsPowerShell\v1.0\;C:\WINDOWS\System32\OpenSSH\;C:\Program Files (x86)\Microsoft SQL Server\150\DTS\Binn\;C:\Program Files\Azure Data Studio\bin;C:\Program Files (x86)\Microsoft SQL Server\110\Tools\Binn\;C:\Program Files\Microsoft SQL Server\110\Tools\Binn\;C:\Program Files\Microsoft SQL Server\110\DTS\Binn\;C:\Program Files (x86)\Microsoft SQL Server\110\Tools\Binn\ManagementStudio\;C:\Program Files (x86)\Microsoft Visual Studio 10.0\Common7\IDE\PrivateAssemblies\;C:\Program Files (x86)\Microsoft SQL Server\110\DTS\Binn\;C:\Program Files\TortoiseHg\;C:\Program Files\Git\cmd;%NVM_HOME%;%NVM_SYMLINK%;C:\Program Files\MySQL\MySQL Shell 8.0\bin\;C:\Users\LINCY SALAMON\AppData\Local\Microsoft\WindowsApps;C:\Users\LINCY SALAMON\AppData\Roaming\npm;C:\Users\LINCY SALAMON\AppData\Local\Programs\Microsoft VS Code\bin;C:\Program Files\Azure Data Studio\bin;C:\NVM\nvm;C:\Program Files\nodejs;C:\Users\LINCY SALAMON\AppData\Local\GitHubDesktop\bin;C:\WINDOWS\system32;
USERNAME=LINCY SALAMON
OS=Windows_NT
PROCESSOR_IDENTIFIER=AMD64 Family 23 Model 96 Stepping 1, AuthenticAMD



---------------  S Y S T E M  ---------------

OS:
 Windows 11 , 64 bit Build 22000 (10.0.22000.708)
OS uptime: 2 days 22:10 hours

CPU: total 8 (initial active 8) (8 cores per cpu, 1 threads per core) family 23 model 96 stepping 1 microcode 0x0, cx8, cmov, fxsr, mmx, 3dnowpref, sse, sse2, sse3, ssse3, sse4a, sse4.1, sse4.2, popcnt, lzcnt, tsc, tscinvbit, avx, avx2, aes, clmul, bmi1, bmi2, adx, sha, fma, vzeroupper, clflush, clflushopt

Memory: 4k page, system-wide physical 7600M (967M free)
TotalPageFile size 20400M (AvailPageFile size 7359M)
current process WorkingSet (physical memory assigned to process): 28M, peak: 49M
current process commit charge ("private bytes"): 201M, peak: 206M

vm_info: OpenJDK 64-Bit Server VM (17.0.2+8) for windows-amd64 JRE (17.0.2+8), built on Jan 20 2022 04:52:34 by "" with MS VC++ 16.7 (VS2019)

END.
